[debug] [2025-06-18T08:52:26.906Z] ----------------------------------------------------------------------
[debug] [2025-06-18T08:52:26.909Z] Command:       C:\Program Files\nodejs\node.exe C:\Users\Pack\AppData\Roaming\npm\node_modules\firebase-tools\lib\bin\firebase.js init hosting
[debug] [2025-06-18T08:52:26.909Z] CLI Version:   14.7.0
[debug] [2025-06-18T08:52:26.909Z] Platform:      win32
[debug] [2025-06-18T08:52:26.909Z] Node Version:  v22.14.0
[debug] [2025-06-18T08:52:26.910Z] Time:          Wed Jun 18 2025 17:52:26 GMT+0900 (대한민국 표준시)
[debug] [2025-06-18T08:52:26.910Z] ----------------------------------------------------------------------
[debug] 
[debug] [2025-06-18T08:52:26.912Z] >>> [apiv2][query] GET https://firebase-public.firebaseio.com/cli.json [none]
[debug] [2025-06-18T08:52:26.953Z] > command requires scopes: ["email","openid","https://www.googleapis.com/auth/cloudplatformprojects.readonly","https://www.googleapis.com/auth/firebase","https://www.googleapis.com/auth/cloud-platform"]
[debug] [2025-06-18T08:52:26.953Z] > authorizing via signed-in user (suzyp0223@gmail.com)
[info] 
     ######## #### ########  ######## ########     ###     ######  ########
     ##        ##  ##     ## ##       ##     ##  ##   ##  ##       ##
     ######    ##  ########  ######   ########  #########  ######  ######
     ##        ##  ##    ##  ##       ##     ## ##     ##       ## ##
     ##       #### ##     ## ######## ########  ##     ##  ######  ########

You're about to initialize a Firebase project in this directory:

  C:\Users\Pack\Desktop\rumiware-next

[debug] [2025-06-18T08:52:27.332Z] <<< [apiv2][status] GET https://firebase-public.firebaseio.com/cli.json 200
[debug] [2025-06-18T08:52:27.332Z] <<< [apiv2][body] GET https://firebase-public.firebaseio.com/cli.json {"cloudBuildErrorAfter":1594252800000,"cloudBuildWarnAfter":1590019200000,"defaultNode10After":1594252800000,"minVersion":"3.0.5","node8DeploysDisabledAfter":1613390400000,"node8RuntimeDisabledAfter":1615809600000,"node8WarnAfter":1600128000000}
[info] 
=== Project Setup
[info] 
[info] First, let's associate this project directory with a Firebase project.
[info] You can create multiple project aliases by running firebase use --add, 
[info] but for now we'll just set up a default project.
[info] 
[debug] [2025-06-18T08:53:30.821Z] Checked if tokens are valid: false, expires at: 1748420948116
[debug] [2025-06-18T08:53:30.822Z] Checked if tokens are valid: false, expires at: 1748420948116
[debug] [2025-06-18T08:53:30.822Z] > refreshing access token with scopes: []
[debug] [2025-06-18T08:53:30.823Z] >>> [apiv2][query] POST https://www.googleapis.com/oauth2/v3/token [none]
[debug] [2025-06-18T08:53:30.823Z] >>> [apiv2][body] POST https://www.googleapis.com/oauth2/v3/token [omitted]
[debug] [2025-06-18T08:53:31.034Z] <<< [apiv2][status] POST https://www.googleapis.com/oauth2/v3/token 200
[debug] [2025-06-18T08:53:31.034Z] <<< [apiv2][body] POST https://www.googleapis.com/oauth2/v3/token [omitted]
[debug] [2025-06-18T08:53:31.050Z] >>> [apiv2][query] GET https://firebase.googleapis.com/v1beta1/availableProjects pageSize=100
[debug] [2025-06-18T08:53:31.841Z] <<< [apiv2][status] GET https://firebase.googleapis.com/v1beta1/availableProjects 200
[debug] [2025-06-18T08:53:31.841Z] <<< [apiv2][body] GET https://firebase.googleapis.com/v1beta1/availableProjects [omitted]
[debug] [2025-06-18T08:54:01.093Z] ExitPromptError: User force closed the prompt with SIGINT
    at Interface.sigint (C:\Users\Pack\AppData\Roaming\npm\node_modules\firebase-tools\node_modules\@inquirer\core\dist\commonjs\lib\create-prompt.js:101:37)
    at Interface.emit (node:events:518:28)
    at Interface.emit (node:domain:489:12)
    at [_ttyWrite] [as _ttyWrite] (node:internal/readline/interface:1124:18)
    at ReadStream.onkeypress (node:internal/readline/interface:263:20)
    at ReadStream.emit (node:events:530:35)
    at ReadStream.emit (node:domain:489:12)
    at emitKeys (node:internal/readline/utils:370:14)
    at emitKeys.next (<anonymous>)
    at ReadStream.onData (node:internal/readline/emitKeypressEvents:64:36)
[error] 
[error] Error: An unexpected error has occurred.
[debug] [2025-06-18T08:54:06.362Z] ----------------------------------------------------------------------
[debug] [2025-06-18T08:54:06.365Z] Command:       C:\Program Files\nodejs\node.exe C:\Users\Pack\AppData\Roaming\npm\node_modules\firebase-tools\lib\bin\firebase.js init hosting
[debug] [2025-06-18T08:54:06.366Z] CLI Version:   14.7.0
[debug] [2025-06-18T08:54:06.366Z] Platform:      win32
[debug] [2025-06-18T08:54:06.366Z] Node Version:  v22.14.0
[debug] [2025-06-18T08:54:06.366Z] Time:          Wed Jun 18 2025 17:54:06 GMT+0900 (대한민국 표준시)
[debug] [2025-06-18T08:54:06.366Z] ----------------------------------------------------------------------
[debug] 
[debug] [2025-06-18T08:54:06.371Z] > command requires scopes: ["email","openid","https://www.googleapis.com/auth/cloudplatformprojects.readonly","https://www.googleapis.com/auth/firebase","https://www.googleapis.com/auth/cloud-platform"]
[debug] [2025-06-18T08:54:06.372Z] > authorizing via signed-in user (suzyp0223@gmail.com)
[info] 
     ######## #### ########  ######## ########     ###     ######  ########
     ##        ##  ##     ## ##       ##     ##  ##   ##  ##       ##
     ######    ##  ########  ######   ########  #########  ######  ######
     ##        ##  ##    ##  ##       ##     ## ##     ##       ## ##
     ##       #### ##     ## ######## ########  ##     ##  ######  ########

You're about to initialize a Firebase project in this directory:

  C:\Users\Pack\Desktop\rumiware-next

[info] 
=== Project Setup
[info] 
[info] First, let's associate this project directory with a Firebase project.
[info] You can create multiple project aliases by running firebase use --add, 
[info] but for now we'll just set up a default project.
[info] 
[debug] [2025-06-18T08:54:15.471Z] Checked if tokens are valid: true, expires at: 1750240410035
[debug] [2025-06-18T08:54:15.471Z] Checked if tokens are valid: true, expires at: 1750240410035
[debug] [2025-06-18T08:54:15.472Z] >>> [apiv2][query] GET https://firebase.googleapis.com/v1beta1/projects pageSize=100
[debug] [2025-06-18T08:54:16.145Z] <<< [apiv2][status] GET https://firebase.googleapis.com/v1beta1/projects 200
[debug] [2025-06-18T08:54:16.145Z] <<< [apiv2][body] GET https://firebase.googleapis.com/v1beta1/projects [omitted]
[info] i  Using project rumiware-a8503 (Rumiware) 
[info] 
=== Hosting Setup
[debug] [2025-06-18T08:54:19.043Z] Checked if tokens are valid: true, expires at: 1750240410035
[debug] [2025-06-18T08:54:19.043Z] Checked if tokens are valid: true, expires at: 1750240410035
[debug] [2025-06-18T08:54:19.043Z] >>> [apiv2][query] GET https://firebase.googleapis.com/v1beta1/projects/rumiware-a8503 [none]
[debug] [2025-06-18T08:54:19.346Z] <<< [apiv2][status] GET https://firebase.googleapis.com/v1beta1/projects/rumiware-a8503 200
[debug] [2025-06-18T08:54:19.346Z] <<< [apiv2][body] GET https://firebase.googleapis.com/v1beta1/projects/rumiware-a8503 {"projectId":"rumiware-a8503","projectNumber":"797258201669","displayName":"Rumiware","name":"projects/rumiware-a8503","resources":{"hostingSite":"rumiware-a8503"},"state":"ACTIVE","etag":"1_eca3cdd7-8766-486b-94bc-5cf7d6d792e4"}
[info] 
[info] Your public directory is the folder (relative to your project directory) that
[info] will contain Hosting assets to be uploaded with firebase deploy. If you
[info] have a build process for your assets, use your build's output directory.
[info] 
[debug] [2025-06-18T08:55:09.028Z] >>> [apiv2][query] GET https://www.gstatic.com/firebasejs/releases.json [none]
[debug] [2025-06-18T08:55:09.193Z] <<< [apiv2][status] GET https://www.gstatic.com/firebasejs/releases.json 200
[debug] [2025-06-18T08:55:09.193Z] <<< [apiv2][body] GET https://www.gstatic.com/firebasejs/releases.json {"current":{"version":"11.9.1","browserURL":"https://www.gstatic.com/firebasejs/11.9.1/firebase.js","packageURL":"https://www.gstatic.com/firebasejs/11.9.1/firebase.tgz"},"live":{"version":"11.9","browserURL":"https://www.gstatic.com/firebasejs/live/11.9/firebase.js","packageURL":"https://www.gstatic.com/firebasejs/live/11.9/firebase.tgz"},"components":{"ai":"https://www.gstatic.com/firebasejs/11.9.1/firebase-ai.js","analytics":"https://www.gstatic.com/firebasejs/11.9.1/firebase-analytics.js","app":"https://www.gstatic.com/firebasejs/11.9.1/firebase-app.js","app-check":"https://www.gstatic.com/firebasejs/11.9.1/firebase-app-check.js","auth":"https://www.gstatic.com/firebasejs/11.9.1/firebase-auth.js","auth/cordova":"https://www.gstatic.com/firebasejs/11.9.1/firebase-auth/cordova.js","auth/web-extension":"https://www.gstatic.com/firebasejs/11.9.1/firebase-auth/web-extension.js","functions":"https://www.gstatic.com/firebasejs/11.9.1/firebase-functions.js","firestore":"https://www.gstatic.com/firebasejs/11.9.1/firebase-firestore.js","firestore/lite":"https://www.gstatic.com/firebasejs/11.9.1/firebase-firestore/lite.js","installations":"https://www.gstatic.com/firebasejs/11.9.1/firebase-installations.js","storage":"https://www.gstatic.com/firebasejs/11.9.1/firebase-storage.js","performance":"https://www.gstatic.com/firebasejs/11.9.1/firebase-performance.js","remote-config":"https://www.gstatic.com/firebasejs/11.9.1/firebase-remote-config.js","messaging":"https://www.gstatic.com/firebasejs/11.9.1/firebase-messaging.js","messaging/sw":"https://www.gstatic.com/firebasejs/11.9.1/firebase-messaging/sw.js","database":"https://www.gstatic.com/firebasejs/11.9.1/firebase-database.js","vertexai":"https://www.gstatic.com/firebasejs/11.9.1/firebase-vertexai.js","data-connect":"https://www.gstatic.com/firebasejs/11.9.1/firebase-data-connect.js","firestore.memory":"https://www.gstatic.com/firebasejs/11.9.1/firebase-firestore.memory.js"}}
[info] +  Wrote public/index.html 
[info] 
[info] i  Detected a .git folder at C:\Users\Pack\Desktop\rumiware-next 
[info] i  Authorizing with GitHub to upload your service account to a GitHub repository's secrets store. 
[info] 
[info] Visit this URL on this device to log in:
[info] https://github.com/login/oauth/authorize?client_id=89cf50f02ac6aaed3484&state=832075268&redirect_uri=http%3A%2F%2Flocalhost%3A9005&scope=read%3Auser%20repo%20public_repo
[info] 
[info] Waiting for authentication...
[debug] [2025-06-18T08:55:22.998Z] >>> [apiv2][query] POST https://github.com/login/oauth/access_token [none]
[debug] [2025-06-18T08:55:22.998Z] >>> [apiv2][body] POST https://github.com/login/oauth/access_token [stream]
[debug] [2025-06-18T08:55:23.396Z] <<< [apiv2][status] POST https://github.com/login/oauth/access_token 200
[debug] [2025-06-18T08:55:23.396Z] <<< [apiv2][body] POST https://github.com/login/oauth/access_token {"access_token":"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","token_type":"bearer","scope":"read:user,repo"}
[debug] [2025-06-18T08:55:23.400Z] >>> [apiv2][query] GET https://api.github.com/user [none]
[debug] [2025-06-18T08:55:23.712Z] <<< [apiv2][status] GET https://api.github.com/user 200
[debug] [2025-06-18T08:55:23.712Z] <<< [apiv2][body] GET https://api.github.com/user {"login":"suzyp0223","id":84648177,"node_id":"MDQ6VXNlcjg0NjQ4MTc3","avatar_url":"https://avatars.githubusercontent.com/u/84648177?v=4","gravatar_id":"","url":"https://api.github.com/users/suzyp0223","html_url":"https://github.com/suzyp0223","followers_url":"https://api.github.com/users/suzyp0223/followers","following_url":"https://api.github.com/users/suzyp0223/following{/other_user}","gists_url":"https://api.github.com/users/suzyp0223/gists{/gist_id}","starred_url":"https://api.github.com/users/suzyp0223/starred{/owner}{/repo}","subscriptions_url":"https://api.github.com/users/suzyp0223/subscriptions","organizations_url":"https://api.github.com/users/suzyp0223/orgs","repos_url":"https://api.github.com/users/suzyp0223/repos","events_url":"https://api.github.com/users/suzyp0223/events{/privacy}","received_events_url":"https://api.github.com/users/suzyp0223/received_events","type":"User","user_view_type":"private","site_admin":false,"name":"suzy_park","company":null,"blog":"","location":null,"email":null,"hireable":null,"bio":"https://ppojjakcoding.tistory.com/\r\nsuzyp0223@gmail.com","twitter_username":null,"notification_email":null,"public_repos":49,"public_gists":0,"followers":1,"following":5,"created_at":"2021-05-23T00:22:27Z","updated_at":"2025-05-16T08:10:45Z","private_gists":0,"total_private_repos":0,"owned_private_repos":0,"disk_usage":162251,"collaborators":0,"two_factor_authentication":true,"plan":{"name":"free","space":976562499,"collaborators":0,"private_repos":10000}}
[info] 
[info] +  Success! Logged into GitHub as suzyp0223 
[info] 
[debug] [2025-06-18T08:57:19.658Z] >>> [apiv2][query] GET https://api.github.com/repos/       https://github.com/suzyp0223/rumiware-next.git/actions/secrets/public-key type=owner
[debug] [2025-06-18T08:57:19.907Z] <<< [apiv2][status] GET https://api.github.com/repos/       https://github.com/suzyp0223/rumiware-next.git/actions/secrets/public-key 404
[debug] [2025-06-18T08:57:19.907Z] <<< [apiv2][body] GET https://api.github.com/repos/       https://github.com/suzyp0223/rumiware-next.git/actions/secrets/public-key {"message":"Not Found","documentation_url":"https://docs.github.com/rest","status":"404"}
[info] 
[info] 
[error] !  The provided authorization cannot be used with this repository. If this repository is in an organization, did you remember to grant access? 
[info] 
[info] i  Action required: Visit this URL to ensure access has been granted to the appropriate organization(s) for the Firebase CLI GitHub OAuth App: 
[info] https://github.com/settings/connections/applications/89cf50f02ac6aaed3484
[info] 
[debug] [2025-06-18T08:58:09.888Z] >>> [apiv2][query] GET https://api.github.com/repos/       suzyp0223/rumiware-next/actions/secrets/public-key type=owner
[debug] [2025-06-18T08:58:10.146Z] <<< [apiv2][status] GET https://api.github.com/repos/       suzyp0223/rumiware-next/actions/secrets/public-key 404
[debug] [2025-06-18T08:58:10.147Z] <<< [apiv2][body] GET https://api.github.com/repos/       suzyp0223/rumiware-next/actions/secrets/public-key {"message":"Not Found","documentation_url":"https://docs.github.com/rest/actions/secrets#get-a-repository-public-key","status":"404"}
[info] 
[info] 
[error] !  The provided authorization cannot be used with this repository. If this repository is in an organization, did you remember to grant access? 
[info] 
[info] i  Action required: Visit this URL to ensure access has been granted to the appropriate organization(s) for the Firebase CLI GitHub OAuth App: 
[info] https://github.com/settings/connections/applications/89cf50f02ac6aaed3484
[info] 
[debug] [2025-06-18T09:00:31.727Z] >>> [apiv2][query] GET https://api.github.com/repos/       suzyp0223/rumiware-next/actions/secrets/public-key type=owner
[debug] [2025-06-18T09:00:31.989Z] <<< [apiv2][status] GET https://api.github.com/repos/       suzyp0223/rumiware-next/actions/secrets/public-key 404
[debug] [2025-06-18T09:00:31.989Z] <<< [apiv2][body] GET https://api.github.com/repos/       suzyp0223/rumiware-next/actions/secrets/public-key {"message":"Not Found","documentation_url":"https://docs.github.com/rest/actions/secrets#get-a-repository-public-key","status":"404"}
[info] 
[info] 
[error] !  The provided authorization cannot be used with this repository. If this repository is in an organization, did you remember to grant access? 
[info] 
[info] i  Action required: Visit this URL to ensure access has been granted to the appropriate organization(s) for the Firebase CLI GitHub OAuth App: 
[info] https://github.com/settings/connections/applications/89cf50f02ac6aaed3484
[info] 
[debug] [2025-06-18T09:00:32.190Z] >>> [apiv2][query] GET https://api.github.com/repos/       suzyp0223/rumiware-next/actions/secrets/public-key type=owner
[debug] [2025-06-18T09:00:32.436Z] <<< [apiv2][status] GET https://api.github.com/repos/       suzyp0223/rumiware-next/actions/secrets/public-key 404
[debug] [2025-06-18T09:00:32.436Z] <<< [apiv2][body] GET https://api.github.com/repos/       suzyp0223/rumiware-next/actions/secrets/public-key {"message":"Not Found","documentation_url":"https://docs.github.com/rest/actions/secrets#get-a-repository-public-key","status":"404"}
[info] 
[info] 
[error] !  The provided authorization cannot be used with this repository. If this repository is in an organization, did you remember to grant access? 
[info] 
[info] i  Action required: Visit this URL to ensure access has been granted to the appropriate organization(s) for the Firebase CLI GitHub OAuth App: 
[info] https://github.com/settings/connections/applications/89cf50f02ac6aaed3484
[info] 
[debug] [2025-06-18T09:00:33.817Z] ExitPromptError: User force closed the prompt with SIGINT
    at Interface.sigint (C:\Users\Pack\AppData\Roaming\npm\node_modules\firebase-tools\node_modules\@inquirer\core\dist\commonjs\lib\create-prompt.js:101:37)
    at Interface.emit (node:events:518:28)
    at Interface.emit (node:domain:489:12)
    at [_ttyWrite] [as _ttyWrite] (node:internal/readline/interface:1124:18)
    at ReadStream.onkeypress (node:internal/readline/interface:263:20)
    at ReadStream.emit (node:events:530:35)
    at ReadStream.emit (node:domain:489:12)
    at emitKeys (node:internal/readline/utils:370:14)
    at emitKeys.next (<anonymous>)
    at ReadStream.onData (node:internal/readline/emitKeypressEvents:64:36)
[error] 
[error] Error: An unexpected error has occurred.
